
Windows IP Configuration


Wireless LAN adapter Local Area Connection* 1:

   Media State . . . . . . . . . . . : Media disconnected
   Connection-specific DNS Suffix  . : 

Wireless LAN adapter Local Area Connection* 2:

   Media State . . . . . . . . . . . : Media disconnected
   Connection-specific DNS Suffix  . : 

Ethernet adapter VMware Network Adapter VMnet1:

   Connection-specific DNS Suffix  . : 
   Link-local IPv6 Address . . . . . : fe80::2606:7f1d:4088:c056%19
   IPv4 Address. . . . . . . . . . . : 192.168.110.1
   Subnet Mask . . . . . . . . . . . : 255.255.255.0
   Default Gateway . . . . . . . . . : 

Ethernet adapter VMware Network Adapter VMnet8:

   Connection-specific DNS Suffix  . : 
   Link-local IPv6 Address . . . . . : fe80::1f20:c494:fc8a:869e%15
   IPv4 Address. . . . . . . . . . . : 192.168.252.1
   Subnet Mask . . . . . . . . . . . : 255.255.255.0
   Default Gateway . . . . . . . . . : 

Wireless LAN adapter WiFi:

   Connection-specific DNS Suffix  . : station
   Link-local IPv6 Address . . . . . : fe80::6313:9db9:798:63c%13
   IPv4 Address. . . . . . . . . . . : 192.168.1.4
   Subnet Mask . . . . . . . . . . . : 255.255.255.0
   Default Gateway . . . . . . . . . : 192.168.1.1

Ethernet adapter Ethernet:

   Media State . . . . . . . . . . . : Media disconnected
   Connection-specific DNS Suffix  . : station
